[    0.000000] Linux version 4.15.0-212-generic (buildd@lcy02-amd64-083) (gcc version 7.5.0 (Ubuntu 7.5.0-3ubuntu1~18.04)) #223-Ubuntu SMP Tue May 23 13:09:22 UTC 2023 (Ubuntu 4.15.0-212.223-generic 4.15.18)
[    0.000000] Command line: BOOT_IMAGE=/boot/vmlinuz-4.15.0-212-generic root=LABEL=cloudimg-rootfs ro console=tty1 console=ttyS0
[    0.000000] KERNEL supported cpus:
[    0.000000]   Intel GenuineIntel
[    0.000000]   AMD AuthenticAMD
[    0.000000]   Centaur CentaurHauls
[    0.000000] x86/fpu: Supporting XSAVE feature 0x001: 'x87 floating point registers'
[    0.000000] x86/fpu: Supporting XSAVE feature 0x002: 'SSE registers'
[    0.000000] x86/fpu: Supporting XSAVE feature 0x004: 'AVX registers'
[    0.000000] x86/fpu: xstate_offset[2]:  576, xstate_sizes[2]:  256
[    0.000000] x86/fpu: Enabled xstate features 0x7, context size is 832 bytes, using 'standard' format.
[    0.000000] e820: BIOS-provided physical RAM map:
[    0.000000] BIOS-e820: [mem 0x0000000000000000-0x000000000009fbff] usable
[    0.000000] BIOS-e820: [mem 0x000000000009fc00-0x000000000009ffff] reserved
[    0.000000] BIOS-e820: [mem 0x00000000000f0000-0x00000000000fffff] reserved
[    0.000000] BIOS-e820: [mem 0x0000000000100000-0x000000003ffeffff] usable
[    0.000000] BIOS-e820: [mem 0x000000003fff0000-0x000000003fffffff] ACPI data
[    0.000000] BIOS-e820: [mem 0x00000000fec00000-0x00000000fec00fff] reserved
[    0.000000] BIOS-e820: [mem 0x00000000fee00000-0x00000000fee00fff] reserved
[    0.000000] BIOS-e820: [mem 0x00000000fffc0000-0x00000000ffffffff] reserved
[    0.000000] NX (Execute Disable) protection: active
[    0.000000] SMBIOS 2.5 present.
[    0.000000] DMI: innotek GmbH VirtualBox/VirtualBox, BIOS VirtualBox 12/01/2006
[    0.000000] Hypervisor detected: KVM
[    0.000000] e820: last_pfn = 0x3fff0 max_arch_pfn = 0x400000000
[    0.000000] MTRR: Disabled
[    0.000000] x86/PAT: MTRRs disabled, skipping PAT initialization too.
[    0.000000] CPU MTRRs all blank - virtualized system.
[    0.000000] x86/PAT: Configuration [0-7]: WB  WT  UC- UC  WB  WT  UC- UC  
[    0.000000] found SMP MP-table at [mem 0x0009fff0-0x0009ffff]
[    0.000000] Scanning 1 areas for low memory corruption
[    0.000000] RAMDISK: [mem 0x359cb000-0x36cdcfff]
[    0.000000] ACPI: Early table checksum verification disabled
[    0.000000] ACPI: RSDP 0x00000000000E0000 000024 (v02 VBOX  )
[    0.000000] ACPI: XSDT 0x000000003FFF0030 00003C (v01 VBOX   VBOXXSDT 00000001 ASL  00000061)
[    0.000000] ACPI: FACP 0x000000003FFF00F0 0000F4 (v04 VBOX   VBOXFACP 00000001 ASL  00000061)
[    0.000000] ACPI: DSDT 0x000000003FFF0470 002325 (v02 VBOX   VBOXBIOS 00000002 INTL 20190509)
[    0.000000] ACPI: FACS 0x000000003FFF0200 000040
[    0.000000] ACPI: FACS 0x000000003FFF0200 000040
[    0.000000] ACPI: APIC 0x000000003FFF0240 00005C (v02 VBOX   VBOXAPIC 00000001 ASL  00000061)
[    0.000000] ACPI: SSDT 0x000000003FFF02A0 0001CC (v01 VBOX   VBOXCPUT 00000002 INTL 20190509)
[    0.000000] ACPI: Reserving FACP table memory at [mem 0x3fff00f0-0x3fff01e3]
[    0.000000] ACPI: Reserving DSDT table memory at [mem 0x3fff0470-0x3fff2794]
[    0.000000] ACPI: Reserving FACS table memory at [mem 0x3fff0200-0x3fff023f]
[    0.000000] ACPI: Reserving FACS table memory at [mem 0x3fff0200-0x3fff023f]
[    0.000000] ACPI: Reserving APIC table memory at [mem 0x3fff0240-0x3fff029b]
[    0.000000] ACPI: Reserving SSDT table memory at [mem 0x3fff02a0-0x3fff046b]
[    0.000000] No NUMA configuration found
[    0.000000] Faking a node at [mem 0x0000000000000000-0x000000003ffeffff]
[    0.000000] NODE_DATA(0) allocated [mem 0x3ffc5000-0x3ffeffff]
[    0.000000] kvm-clock: cpu 0, msr 0:3ff44001, primary cpu clock
[    0.000000] kvm-clock: Using msrs 4b564d01 and 4b564d00
[    0.000000] kvm-clock: using sched offset of 8944018646 cycles
[    0.000000] clocksource: kvm-clock: mask: 0xffffffffffffffff max_cycles: 0x1cd42e4dffb, max_idle_ns: 881590591483 ns
[    0.000000] Zone ranges:
[    0.000000]   DMA      [mem 0x0000000000001000-0x0000000000ffffff]
[    0.000000]   DMA32    [mem 0x0000000001000000-0x000000003ffeffff]
[    0.000000]   Normal   empty
[    0.000000]   Device   empty
[    0.000000] Movable zone start for each node
[    0.000000] Early memory node ranges
[    0.000000]   node   0: [mem 0x0000000000001000-0x000000000009efff]
[    0.000000]   node   0: [mem 0x0000000000100000-0x000000003ffeffff]
[    0.000000] Reserved but unavailable: 104 pages
[    0.000000] Initmem setup node 0 [mem 0x0000000000001000-0x000000003ffeffff]
[    0.000000] ACPI: PM-Timer IO Port: 0x4008
[    0.000000] IOAPIC[0]: apic_id 2, version 32, address 0xfec00000, GSI 0-23
[    0.000000] ACPI: INT_SRC_OVR (bus 0 bus_irq 0 global_irq 2 dfl dfl)
[    0.000000] ACPI: INT_SRC_OVR (bus 0 bus_irq 9 global_irq 9 low level)
[    0.000000] Using ACPI (MADT) for SMP configuration information
[    0.000000] smpboot: Allowing 2 CPUs, 0 hotplug CPUs
[    0.000000] PM: Registered nosave memory: [mem 0x00000000-0x00000fff]
[    0.000000] PM: Registered nosave memory: [mem 0x0009f000-0x0009ffff]
[    0.000000] PM: Registered nosave memory: [mem 0x000a0000-0x000effff]
[    0.000000] PM: Registered nosave memory: [mem 0x000f0000-0x000fffff]
[    0.000000] e820: [mem 0x40000000-0xfebfffff] available for PCI devices
[    0.000000] Booting paravirtualized kernel on KVM
[    0.000000] clocksource: refined-jiffies: mask: 0xffffffff max_cycles: 0xffffffff, max_idle_ns: 7645519600211568 ns
[    0.000000] setup_percpu: NR_CPUS:8192 nr_cpumask_bits:2 nr_cpu_ids:2 nr_node_ids:1
[    0.000000] percpu: Embedded 50 pages/cpu s167936 r8192 d28672 u1048576
[    0.000000] PV qspinlock hash table entries: 256 (order: 0, 4096 bytes)
[    0.000000] Built 1 zonelists, mobility grouping on.  Total pages: 257913
[    0.000000] Policy zone: DMA32
[    0.000000] Kernel command line: BOOT_IMAGE=/boot/vmlinuz-4.15.0-212-generic root=LABEL=cloudimg-rootfs ro console=tty1 console=ttyS0
[    0.000000] Memory: 982644K/1048120K available (12300K kernel code, 2477K rwdata, 4324K rodata, 2480K init, 2720K bss, 65476K reserved, 0K cma-reserved)
[    0.000000] SLUB: HWalign=64, Order=0-3, MinObjects=0, CPUs=2, Nodes=1
[    0.000000] Kernel/User page tables isolation: enabled
[    0.000000] ftrace: allocating 39508 entries in 155 pages
[    0.004000] Hierarchical RCU implementation.
[    0.004000] 	RCU restricting CPUs from NR_CPUS=8192 to nr_cpu_ids=2.
[    0.004000] 	Tasks RCU enabled.
[    0.004000] RCU: Adjusting geometry for rcu_fanout_leaf=16, nr_cpu_ids=2
[    0.004000] NR_IRQS: 524544, nr_irqs: 440, preallocated irqs: 16
[    0.004000] random: crng init done
[    0.004000] Console: colour VGA+ 80x25
[    0.004000] console [tty1] enabled
[    0.004000] console [ttyS0] enabled
[    0.004000] ACPI: Core revision 20170831
[    0.004000] ACPI: 2 ACPI AML tables successfully acquired and loaded
[    0.004000] APIC: Switch to symmetric I/O mode setup
[    0.013024] x2apic enabled
[    0.016047] Switched APIC routing to physical x2apic.
[    0.024000] ..TIMER: vector=0x30 apic1=0 pin1=2 apic2=-1 pin2=-1
[    0.024008] tsc: Detected 2995.200 MHz processor
[    0.028015] Calibrating delay loop (skipped) preset value.. 5990.40 BogoMIPS (lpj=11980800)
[    0.032008] pid_max: default: 32768 minimum: 301
[    0.036042] Security Framework initialized
[    0.040006] Yama: becoming mindful.
[    0.044044] AppArmor: AppArmor initialized
[    0.052178] Dentry cache hash table entries: 131072 (order: 8, 1048576 bytes)
[    0.056340] Inode-cache hash table entries: 65536 (order: 7, 524288 bytes)
[    0.060037] Mount-cache hash table entries: 2048 (order: 2, 16384 bytes)
[    0.064034] Mountpoint-cache hash table entries: 2048 (order: 2, 16384 bytes)
[    0.074010] Last level iTLB entries: 4KB 0, 2MB 0, 4MB 0
[    0.076006] Last level dTLB entries: 4KB 0, 2MB 0, 4MB 0, 1GB 0
[    0.080042] Spectre V1 : Mitigation: usercopy/swapgs barriers and __user pointer sanitization
[    0.084008] Spectre V2 : Mitigation: Retpolines
[    0.088006] Spectre V2 : Spectre v2 / SpectreRSB mitigation: Filling RSB on context switch
[    0.092005] Spectre V2 : Spectre v2 / SpectreRSB : Filling RSB on VMEXIT
[    0.096006] Speculative Store Bypass: Vulnerable
[    0.100045] MDS: Mitigation: Clear CPU buffers
[    0.104200] Freeing SMP alternatives memory: 36K
[    0.222126] APIC calibration not consistent with PM-Timer: 101ms instead of 100ms
[    0.224000] APIC delta adjusted to PM-Timer: 6267051 (6342178)
[    0.224652] smpboot: CPU0: 11th Gen Intel(R) Core(TM) i3-1115G4 @ 3.00GHz (family: 0x6, model: 0x8c, stepping: 0x1)
[    0.228163] Performance Events: unsupported p6 CPU model 140 no PMU driver, software events only.
[    0.232135] Hierarchical SRCU implementation.
[    0.236763] NMI watchdog: Perf event create on CPU 0 failed with -2
[    0.240007] NMI watchdog: Perf NMI watchdog permanently disabled
[    0.244106] smp: Bringing up secondary CPUs ...
[    0.248263] x86: Booting SMP configuration:
[    0.252007] .... node  #0, CPUs:      #1
[    0.004000] kvm-clock: cpu 1, msr 0:3ff44041, secondary cpu clock
[    0.276092] smp: Brought up 1 node, 2 CPUs
[    0.280014] smpboot: Max logical packages: 1
[    0.284008] smpboot: Total of 2 processors activated (11980.80 BogoMIPS)
[    0.288254] devtmpfs: initialized
[    0.292065] x86/mm: Memory block size: 128MB
[    0.296263] evm: security.selinux
[    0.300008] evm: security.SMACK64
[    0.304006] evm: security.SMACK64EXEC
[    0.308006] evm: security.SMACK64TRANSMUTE
[    0.312005] evm: security.SMACK64MMAP
[    0.316006] evm: security.apparmor
[    0.320006] evm: security.ima
[    0.324006] evm: security.capability
[    0.332190] clocksource: jiffies: mask: 0xffffffff max_cycles: 0xffffffff, max_idle_ns: 7645041785100000 ns
[    0.336058] futex hash table entries: 512 (order: 3, 32768 bytes)
[    0.340128] pinctrl core: initialized pinctrl subsystem
[    0.348004] RTC time: 10:12:18, date: 06/26/24
[    0.356045] NET: Registered protocol family 16
[    0.360088] audit: initializing netlink subsys (disabled)
[    0.364577] audit: type=2000 audit(1719396746.820:1): state=initialized audit_enabled=0 res=1
[    0.392010] cpuidle: using governor ladder
[    0.396015] cpuidle: using governor menu
[    0.400066] ACPI: bus type PCI registered
[    0.404007] acpiphp: ACPI Hot Plug PCI Controller Driver version: 0.5
[    0.410361] PCI: Using configuration type 1 for base access
[    0.417355] HugeTLB registered 2.00 MiB page size, pre-allocated 0 pages
[    0.424126] ACPI: Added _OSI(Module Device)
[    0.428062] ACPI: Added _OSI(Processor Device)
[    0.432015] ACPI: Added _OSI(3.0 _SCP Extensions)
[    0.436006] ACPI: Added _OSI(Processor Aggregator Device)
[    0.440012] ACPI: Added _OSI(Linux-Dell-Video)
[    0.444011] ACPI: Added _OSI(Linux-Lenovo-NV-HDMI-Audio)
[    0.448009] ACPI: Added _OSI(Linux-HPI-Hybrid-Graphics)
[    0.454930] ACPI: Executed 1 blocks of module-level executable AML code
[    0.461452] ACPI: Interpreter enabled
[    0.464025] ACPI: (supports S0 S5)
[    0.468007] ACPI: Using IOAPIC for interrupt routing
[    0.476346] PCI: Using host bridge windows from ACPI; if necessary, use "pci=nocrs" and report a bug
[    0.480973] ACPI: Enabled 2 GPEs in block 00 to 07
[    0.512777] ACPI: PCI Root Bridge [PCI0] (domain 0000 [bus 00-ff])
[    0.516018] acpi PNP0A03:00: _OSC: OS supports [ASPM ClockPM Segments MSI]
[    0.521667] acpi PNP0A03:00: _OSC: not requesting OS control; OS requires [ExtendedConfig ASPM ClockPM MSI]
[    0.524034] acpi PNP0A03:00: fail to add MMCONFIG information, can't access extended PCI configuration space under this bridge.
[    0.534931] PCI host bridge to bus 0000:00
[    0.536015] pci_bus 0000:00: root bus resource [io  0x0000-0x0cf7 window]
[    0.540009] pci_bus 0000:00: root bus resource [io  0x0d00-0xffff window]
[    0.544009] pci_bus 0000:00: root bus resource [mem 0x000a0000-0x000bffff window]
[    0.548012] pci_bus 0000:00: root bus resource [mem 0x40000000-0xfdffffff window]
[    0.552011] pci_bus 0000:00: root bus resource [bus 00-ff]
[    0.588148] pci 0000:00:01.1: legacy IDE quirk: reg 0x10: [io  0x01f0-0x01f7]
[    0.592008] pci 0000:00:01.1: legacy IDE quirk: reg 0x14: [io  0x03f6]
[    0.596009] pci 0000:00:01.1: legacy IDE quirk: reg 0x18: [io  0x0170-0x0177]
[    0.600008] pci 0000:00:01.1: legacy IDE quirk: reg 0x1c: [io  0x0376]
[    0.806757] pci 0000:00:07.0: quirk: [io  0x4000-0x403f] claimed by PIIX4 ACPI
[    0.824005] pci 0000:00:07.0: quirk: [io  0x4100-0x410f] claimed by PIIX4 SMB
[    0.957526] ACPI: PCI Interrupt Link [LNKA] (IRQs 5 9 10 *11)
[    0.973619] ACPI: PCI Interrupt Link [LNKB] (IRQs 5 9 *10 11)
[    0.988679] ACPI: PCI Interrupt Link [LNKC] (IRQs 5 *9 10 11)
[    1.008464] ACPI: PCI Interrupt Link [LNKD] (IRQs 5 9 10 *11)
[    1.028000] SCSI subsystem initialized
[    1.037065] pci 0000:00:02.0: vgaarb: setting as boot VGA device
[    1.040000] pci 0000:00:02.0: vgaarb: VGA device added: decodes=io+mem,owns=io+mem,locks=none
[    1.080018] pci 0000:00:02.0: vgaarb: bridge control possible
[    1.100008] vgaarb: loaded
[    1.112409] ACPI: bus type USB registered
[    1.124294] usbcore: registered new interface driver usbfs
[    1.144065] usbcore: registered new interface driver hub
[    1.160043] usbcore: registered new device driver usb
[    1.184157] EDAC MC: Ver: 3.0.0
[    1.200306] PCI: Using ACPI for IRQ routing
[    1.223299] NetLabel: Initializing
[    1.232003] NetLabel:  domain hash size = 128
[    1.244005] NetLabel:  protocols = UNLABELED CIPSOv4 CALIPSO
[    1.260061] NetLabel:  unlabeled traffic allowed by default
[    1.277148] clocksource: Switched to clocksource kvm-clock
[    1.325984] VFS: Disk quotas dquot_6.6.0
[    1.337953] VFS: Dquot-cache hash table entries: 512 (order 0, 4096 bytes)
[    1.355632] AppArmor: AppArmor Filesystem Enabled
[    1.368770] pnp: PnP ACPI init
[    1.389839] pnp: PnP ACPI: found 3 devices
[    1.492685] clocksource: acpi_pm: mask: 0xffffff max_cycles: 0xffffff, max_idle_ns: 2085701024 ns
[    1.496605] NET: Registered protocol family 2
[    1.496605] IP idents hash table entries: 16384 (order: 5, 131072 bytes)
[    1.544991] TCP established hash table entries: 8192 (order: 4, 65536 bytes)
[    1.564628] TCP bind hash table entries: 8192 (order: 5, 131072 bytes)
[    1.567649] TCP: Hash tables configured (established 8192 bind 8192)
[    1.567649] UDP hash table entries: 512 (order: 2, 16384 bytes)
[    1.567649] UDP-Lite hash table entries: 512 (order: 2, 16384 bytes)
[    1.567649] NET: Registered protocol family 1
[    1.567649] pci 0000:00:00.0: Limiting direct PCI/PCI transfers
[    1.567649] pci 0000:00:01.0: Activating ISA DMA hang workarounds
[    1.567649] pci 0000:00:02.0: Video device with shadowed ROM at [mem 0x000c0000-0x000dffff]
[    1.567649] Unpacking initramfs...
[    2.064365] Freeing initrd memory: 19528K
[    2.080395] clocksource: tsc: mask: 0xffffffffffffffff max_cycles: 0x2b2c8ec87c7, max_idle_ns: 440795278598 ns
[    2.111560] platform rtc_cmos: registered platform RTC device (no PNP device found)
[    2.135049] Scanning for low memory corruption every 60 seconds
[    2.159618] Initialise system trusted keyrings
[    2.174602] Key type blacklist registered
[    2.187834] workingset: timestamp_bits=36 max_order=18 bucket_order=0
[    2.207717] zbud: loaded
[    2.220108] squashfs: version 4.0 (2009/01/31) Phillip Lougher
[    2.260921] fuse init (API version 7.26)
[    2.301549] Key type asymmetric registered
[    2.315020] Asymmetric key parser 'x509' registered
[    2.337903] Block layer SCSI generic (bsg) driver version 0.4 loaded (major 246)
[    2.360838] io scheduler noop registered
[    2.371880] io scheduler deadline registered
[    2.384136] io scheduler cfq registered (default)
[    2.398521] ACPI: AC Adapter [AC] (on-line)
[    2.410494] input: Power Button as /devices/LNXSYSTM:00/LNXPWRBN:00/input/input0
[    2.431697] ACPI: Power Button [PWRF]
[    2.444410] input: Sleep Button as /devices/LNXSYSTM:00/LNXSLPBN:00/input/input1
[    2.467034] ACPI: Sleep Button [SLPF]
[    2.483203] Serial: 8250/16550 driver, 32 ports, IRQ sharing enabled
[    2.609224] 00:02: ttyS0 at I/O 0x3f8 (irq = 4, base_baud = 115200) is a 16550A
[    2.787625] Linux agpgart interface v0.103
[    2.809723] loop: module loaded
[    2.823749] scsi host0: ata_piix
[    2.833950] scsi host1: ata_piix
[    2.837905] ata1: PATA max UDMA/33 cmd 0x1f0 ctl 0x3f6 bmdma 0xd000 irq 14
[    2.837905] ata2: PATA max UDMA/33 cmd 0x170 ctl 0x376 bmdma 0xd008 irq 15
[    2.877525] tun: Universal TUN/TAP device driver, 1.6
[    2.893297] PPP generic driver version 2.4.2
[    2.908085] ehci_hcd: USB 2.0 'Enhanced' Host Controller (EHCI) Driver
[    2.925631] ehci-pci: EHCI PCI platform driver
[    2.938245] ehci-platform: EHCI generic platform driver
[    2.952250] ohci_hcd: USB 1.1 'Open' Host Controller (OHCI) Driver
[    2.972328] ohci-pci: OHCI PCI platform driver
[    2.986025] ohci-platform: OHCI generic platform driver
[    3.006124] uhci_hcd: USB Universal Host Controller Interface driver
[    3.023285] i8042: PNP: PS/2 Controller [PNP0303:PS2K,PNP0f03:PS2M] at 0x60,0x64 irq 1,12
[    3.052353] serio: i8042 KBD port at 0x60,0x64 irq 1
[    3.068407] serio: i8042 AUX port at 0x60,0x64 irq 12
[    3.164563] mousedev: PS/2 mouse device common for all mice
[    3.182338] input: AT Translated Set 2 keyboard as /devices/platform/i8042/serio0/input/input2
[    3.209793] rtc_cmos rtc_cmos: rtc core: registered rtc_cmos as rtc0
[    3.228069] rtc_cmos rtc_cmos: alarms up to one day, 114 bytes nvram
[    3.244540] i2c /dev entries driver
[    3.255957] device-mapper: uevent: version 1.0.3
[    3.270532] device-mapper: ioctl: 4.37.0-ioctl (2017-09-20) initialised: dm-devel@redhat.com
[    3.294602] ledtrig-cpu: registered to indicate activity on CPUs
[    3.325682] NET: Registered protocol family 10
[    3.355655] Segment Routing with IPv6
[    3.368145] NET: Registered protocol family 17
[    3.381741] Key type dns_resolver registered
[    3.395650] mce: Using 0 MCE banks
[    3.405261] RAS: Correctable Errors collector initialized.
[    3.419509] sched_clock: Marking stable (3419298047, 0)->(6234890215, -2815592168)
[    3.444489] registered taskstats version 1
[    3.455593] Loading compiled-in X.509 certificates
[    3.473525] Loaded X.509 cert 'Build time autogenerated kernel key: b5b26778eaa3ab3a4a6cee031137706e947d12ad'
[    3.501181] Loaded X.509 cert 'Canonical Ltd. Live Patch Signing: 14df34d1a87cf37625abec039ef2bf521249b969'
[    3.526152] Loaded X.509 cert 'Canonical Ltd. Kernel Module Signing: 88f752e560a1e0737e31163a466ad7b70a850c19'
[    3.551754] blacklist: Loading compiled-in revocation X.509 certificates
[    3.570614] Loaded X.509 cert 'Canonical Ltd. Secure Boot Signing: 61482aa2830d0ab2ad5af10b7250da9033ddcef0'
[    3.595049] Loaded X.509 cert 'Canonical Ltd. Secure Boot Signing (2017): 242ade75ac4a15e50d50c84b0d45ff3eae707a03'
[    3.621122] Loaded X.509 cert 'Canonical Ltd. Secure Boot Signing (ESM 2018): 365188c1d374d6b07c3c8f240f8ef722433d6a8b'
[    3.647803] Loaded X.509 cert 'Canonical Ltd. Secure Boot Signing (2019): c0746fd6c5da3ae827864651ad66ae47fe24b3e8'
[    3.673851] Loaded X.509 cert 'Canonical Ltd. Secure Boot Signing (2021 v1): a8d54bbb3825cfb94fa13c9f8a594a195c107b8d'
[    3.702876] Loaded X.509 cert 'Canonical Ltd. Secure Boot Signing (2021 v2): 4cf046892d6fd3c9a5b03f98d845f90851dc6a8c'
[    3.768799] Loaded X.509 cert 'Canonical Ltd. Secure Boot Signing (2021 v3): 100437bb6de6e469b581e61cd66bce3ef4ed53af'
[    3.823282] Loaded X.509 cert 'Canonical Ltd. Secure Boot Signing (Ubuntu Core 2019): c1d57b8f6b743f23ee41f4f7ee292f06eecadfb9'
[    3.905809] zswap: loaded using pool lzo/zbud
[    3.987120] Key type big_key registered
[    3.998029] Key type trusted registered
[    4.013278] Key type encrypted registered
[    4.024177] AppArmor: AppArmor sha1 policy hashing enabled
[    4.038531] ima: No TPM chip found, activating TPM-bypass! (rc=-19)
[    4.054991] ima: Allocated hash algorithm: sha1
[    4.068300] evm: HMAC attrs: 0x1
[    4.082040]   Magic number: 12:182:225
[    4.094353] rtc_cmos rtc_cmos: setting system clock to 2024-06-26 10:12:22 UTC (1719396742)
[    4.117307] BIOS EDD facility v0.16 2004-Jun-25, 0 devices found
[    4.133548] EDD information not available.
[    4.153368] Freeing unused kernel image memory: 2480K
[    4.263586] Write protecting the kernel read-only data: 20480k
[    4.283140] Freeing unused kernel image memory: 2008K
[    4.301166] Freeing unused kernel image memory: 1820K
[    4.320450] x86/mm: Checked W+X mappings: passed, no W+X pages found.
[    4.336800] x86/mm: Checking user space page tables
[    4.354052] x86/mm: Checked W+X mappings: passed, no W+X pages found.
Loading, please wait...
starting version 237
[    4.493507] Fusion MPT base driver 3.04.20
[    4.505569] Copyright (c) 1999-2008 LSI Corporation
[    4.527815] e1000: Intel(R) PRO/1000 Network Driver - version 7.3.21-k8-NAPI
[    4.546744] e1000: Copyright (c) 1999-2006 Intel Corporation.
[    4.575074] Fusion MPT SPI Host driver 3.04.20
[    4.617049] AVX2 version of gcm_enc/dec engaged.
[    4.632691] AES CTR mode by8 optimization enabled
[    4.851296] input: ImExPS/2 Generic Explorer Mouse as /devices/platform/i8042/serio1/input/input4
[    6.078657] e1000 0000:00:03.0 eth0: (PCI:33MHz:32-bit) 02:3b:7b:b7:3b:2d
[    6.096727] e1000 0000:00:03.0 eth0: Intel(R) PRO/1000 Network Connection
[    6.119524] mptbase: ioc0: Initiating bringup
[    7.234237] ioc0: LSI53C1030 A0: Capabilities={Initiator}
[    9.227942] scsi host2: ioc0: LSI53C1030 A0, FwRev=00000000h, Ports=1, MaxQ=256, IRQ=20
[   10.970634] scsi 2:0:0:0: Direct-Access     VBOX     HARDDISK         1.0  PQ: 0 ANSI: 5
[   11.153382] scsi target2:0:0: Beginning Domain Validation
[   11.224091] scsi target2:0:0: Domain Validation skipping write tests
[   11.240407] scsi target2:0:0: Ending Domain Validation
[   11.254751] scsi target2:0:0: asynchronous
[   11.268312] scsi 2:0:1:0: Direct-Access     VBOX     HARDDISK         1.0  PQ: 0 ANSI: 5
[   11.644311] scsi target2:0:1: Beginning Domain Validation
[   11.670937] scsi target2:0:1: Domain Validation skipping write tests
[   11.686663] scsi target2:0:1: Ending Domain Validation
[   11.702513] scsi target2:0:1: asynchronous
[   11.728974] sd 2:0:0:0: [sda] 83886080 512-byte logical blocks: (42.9 GB/40.0 GiB)
[   11.750239] sd 2:0:0:0: [sda] Write Protect is off
[   11.765680] sd 2:0:0:0: [sda] Incomplete mode parameter data
[   11.781978] sd 2:0:0:0: [sda] Assuming drive cache: write through
[   11.799050] sd 2:0:0:0: Attached scsi generic sg0 type 0
[   11.816421] sd 2:0:1:0: Attached scsi generic sg1 type 0
[   11.834271]  sda: sda1
[   11.848166] sd 2:0:0:0: [sda] Attached SCSI disk
[   11.862914] sd 2:0:1:0: [sdb] 20480 512-byte logical blocks: (10.5 MB/10.0 MiB)
[   11.883219] sd 2:0:1:0: [sdb] Write Protect is off
[   11.897631] sd 2:0:1:0: [sdb] Incomplete mode parameter data
[   11.916451] sd 2:0:1:0: [sdb] Assuming drive cache: write through
[   11.947784] sd 2:0:1:0: [sdb] Attached SCSI disk
[   12.536571] e1000 0000:00:08.0 eth1: (PCI:33MHz:32-bit) 08:00:27:40:fa:4c
[   12.557161] e1000 0000:00:08.0 eth1: Intel(R) PRO/1000 Network Connection
[   12.584190] e1000 0000:00:03.0 enp0s3: renamed from eth0
[   13.176951] e1000 0000:00:08.0 enp0s8: renamed from eth1
Begin: Loading essential drivers ... [   19.932485] raid6: sse2x1   gen() 13179 MB/s
[   19.988157] raid6: sse2x1   xor()  8437 MB/s
[   20.044318] raid6: sse2x2   gen() 18593 MB/s
[   20.100140] raid6: sse2x2   xor() 11984 MB/s
[   20.160145] raid6: sse2x4   gen() 16765 MB/s
[   20.216576] raid6: sse2x4   xor() 11473 MB/s
[   20.277357] raid6: avx2x1   gen() 21475 MB/s
[   20.348212] raid6: avx2x1   xor()  5974 MB/s
[   20.408267] raid6: avx2x2   gen() 34347 MB/s
[   20.464167] raid6: avx2x2   xor() 22746 MB/s
[   20.520539] raid6: avx2x4   gen() 33841 MB/s
[   20.576150] raid6: avx2x4   xor() 19908 MB/s
[   20.588137] raid6: using algorithm avx2x2 gen() 34347 MB/s
[   20.603480] raid6: .... xor() 22746 MB/s, rmw enabled
[   20.621974] raid6: using avx2x2 recovery algorithm
[   20.654227] xor: automatically using best checksumming function   avx       
[   20.686882] async_tx: api initialized (async)
done.
Begin: Running /scripts/init-premount ... done.
Begin: Mounting root file system ... Begin: Running /scripts/local-top ... done.
Begin: Running /scripts/local-premount ... [   20.782950] Btrfs loaded, crc32c=crc32c-intel
Scanning for Btrfs filesystems
done.
Warning: fsck not present, so skipping root file system
[   20.873240] EXT4-fs (sda1): mounted filesystem with ordered data mode. Opts: (null)
done.
Begin: Running /scripts/local-bottom ... done.
Begin: Running /scripts/init-bottom ... done.
[   21.242691] ip_tables: (C) 2000-2006 Netfilter Core Team
[   21.279159] systemd[1]: systemd 237 running in system mode. (+PAM +AUDIT +SELINUX +IMA +APPARMOR +SMACK +SYSVINIT +UTMP +LIBCRYPTSETUP +GCRYPT +GNUTLS +ACL +XZ +LZ4 +SECCOMP +BLKID +ELFUTILS +KMOD -IDN2 +IDN -PCRE2 default-hierarchy=hybrid)
[   21.335097] systemd[1]: Detected virtualization oracle.
[   21.349588] systemd[1]: Detected architecture x86-64.

Welcome to [1mUbuntu 18.04.6 LTS[0m!

[   21.501248] systemd[1]: Set hostname to <ubuntu>.
[   21.525438] systemd[1]: Initializing machine ID from random generator.
[   21.542366] systemd[1]: Installed transient /etc/machine-id file.
[   21.971917] systemd[1]: Reached target System Time Synchronized.
[[0;32m  OK  [0m] Reached target System Time Synchronized.
[   22.012413] systemd[1]: Created slice User and Session Slice.
[[0;32m  OK  [0m] Created slice User and Session Slice.
[   22.040973] systemd[1]: Set up automount Arbitrary Executable File Formats File System Automount Point.
[[0;32m  OK  [0m] Set up automount Arbitrary Executab…rmats File System Automount Point.
[   22.082698] systemd[1]: Reached target Mounting snaps.
[[0;32m  OK  [0m] Reached target Mounting snaps.
[[0;32m  OK  [0m] Reached target Mounted snaps.
[[0;32m  OK  [0m] Reached target User and Group Name Lookups.
[[0;32m  OK  [0m] Reached target Swap.
[[0;32m  OK  [0m] Started Forward Password Requests to Wall Directory Watch.
[[0;32m  OK  [0m] Created slice System Slice.
[[0;32m  OK  [0m] Listening on LVM2 poll daemon socket.
[[0;32m  OK  [0m] Listening on Journal Socket (/dev/log).
[[0;32m  OK  [0m] Listening on Journal Socket.
         Mounting Kernel Debug File System...
         Starting Create list of required st…ce nodes for the current kernel...
         Starting Set the console keyboard layout...
[[0;32m  OK  [0m] Listening on Journal Audit Socket.
[[0;32m  OK  [0m] Listening on udev Control Socket.
         Mounting POSIX Message Queue File System...
         Starting Load Kernel Modules...
[[0;32m  OK  [0m] Created slice system-serial\x2dgetty.slice.
         Mounting Huge Pages File System...
[[0;32m  OK  [0m] Listening on LVM2 metadata daemon socket.
[   22.334414] Loading iSCSI transport class v2.0-870.
[[0;32m  OK  [0m] Listening on Network Service Netlink Socket.
         Starting Uncomplicated firewall...
[[0;32m  OK  [0m] Listening on Syslog Socket.
         Starting Journal Service...
[[0;32m  OK  [0m] Listening on fsck to fsckd communication Socket.
         Starting File System Check on Root Device...
[[0;32m  OK  [0m] Listening on /dev/initctl Compatibility Named Pipe.
[[0;32m  OK  [0m] Reached target Slices.
[[0;32m  OK  [0m] Listening on udev Kernel Socket.
         Starting udev Coldplug all Devices...
[[0;32m  OK  [0m] Listening on Device-mapper event daemon FIFOs.
[   22.487308] iscsi: registered transport (tcp)
         Starting Monitoring of LVM2 mirrors…ng dmeventd or progress polling...
[[0;32m  OK  [0m] Mounted Kernel Debug File System.
[[0;32m  OK  [0m] Started Create list of required sta…vice nodes for the current kernel.
[[0;32m  OK  [0m] Mounted POSIX Message Queue File System.
[[0;32m  OK  [0m] Mounted Huge Pages File System.
[[0;32m  OK  [0m] Started Uncomplicated firewall.
         Starting Create Static Device Nodes in /dev...
[[0;32m  OK  [0m] Started LVM2 metadata daemon.
[[0;32m  OK  [0m] Started File System Check Daemon to report status.
[[0;32m  OK  [0m] Started udev Coldplug all Devices.
[[0;32m  OK  [0m] Started Create Static Device Nodes in /dev.
[[0;32m  OK  [0m] Started Journal Service.
[[0;32m  OK  [0m] Started Monitoring of LVM2 mirrors,…sing dmeventd or progress polling.
[[0;32m  OK  [0m] Started File System Check on Root Device.
         Starting Remount Root and Kernel File Systems...
[   22.967565] EXT4-fs (sda1): re-mounted. Opts: (null)
[[0;32m  OK  [0m] Started Remount Root and Kernel File Systems.
         Starting Flush Journal to Persistent Storage...
         Starting udev Kernel Device Manager...
         Starting Load/Save Random Seed...
[   23.067166] iscsi: registered transport (iser)
[   23.079681] systemd-journald[418]: Received request to flush runtime journal from PID 1
[[0;32m  OK  [0m] Started Load Kernel Modules.
         Mounting Kernel Configuration File System...
         Starting Apply Kernel Variables...
         Mounting FUSE Control File System...
[[0;32m  OK  [0m] Mounted Kernel Configuration File System.
[[0;32m  OK  [0m] Mounted FUSE Control File System.
[[0;32m  OK  [0m] Started Load/Save Random Seed.
[[0;32m  OK  [0m] Started Flush Journal to Persistent Storage.
[[0;32m  OK  [0m] Started Apply Kernel Variables.
[[0;32m  OK  [0m] Started udev Kernel Device Manager.
[[0;32m  OK  [0m] Found device /dev/ttyS0.
[[0;32m  OK  [0m] Listening on Load/Save RF Kill Switch Status /dev/rfkill Watch.
         Mounting Arbitrary Executable File Formats File System...
[[0;32m  OK  [0m] Mounted Arbitrary Executable File Formats File System.
[[0;32m  OK  [0m] Started Set the console keyboard layout.
[[0;32m  OK  [0m] Started Dispatch Password Requests to Console Directory Watch.
[[0;32m  OK  [0m] Reached target Local Encrypted Volumes.
[[0;32m  OK  [0m] Reached target Local File Systems (Pre).
[[0;32m  OK  [0m] Reached target Local File Systems.
         Starting Commit a transient machine-id on disk...
         Starting AppArmor initialization...
         Starting ebtables ruleset management...
         Starting Tell Plymouth To Write Out Runtime Data...
         Starting Set console font and keymap...
         Starting Create Volatile Files and Directories...
[[0;32m  OK  [0m] Started Tell Plymouth To Write Out Runtime Data.
[[0;32m  OK  [0m] Started Create Volatile Files and Directories.
[[0;32m  OK  [0m] Started Commit a transient machine-id on disk.
         Starting Update UTMP about System Boot/Shutdown...
[[0;32m  OK  [0m] Started Update UTMP about System Boot/Shutdown.
[[0;32m  OK  [0m] Started ebtables ruleset management.
[[0;32m  OK  [0m] Started AppArmor initialization.
         Starting Load AppArmor profiles managed internally by snapd...
         Starting Initial cloud-init job (pre-networking)...
[[0;32m  OK  [0m] Started Load AppArmor profiles managed internally by snapd.
[   28.741557] cloud-init[738]: Cloud-init v. 23.1.2-0ubuntu0~18.04.1 running 'init-local' at Wed, 26 Jun 2024 10:12:46 +0000. Up 28.29 seconds.
[[0;32m  OK  [0m] Started Initial cloud-init job (pre-networking).
[[0;32m  OK  [0m] Reached target Network (Pre).
         Starting Network Service...
[[0;32m  OK  [0m] Started Network Service.
         Starting Wait for Network to be Configured...
         Starting Network Name Resolution...
[[0;32m  OK  [0m] Started Network Name Resolution.
[[0;32m  OK  [0m] Started Wait for Network to be Configured.
         Starting Initial cloud-init job (metadata service crawler)...
[[0;32m  OK  [0m] Reached target Host and Network Name Lookups.
[[0;32m  OK  [0m] Reached target Network.
[[0;32m  OK  [0m] Started Set console font and keymap.
[   33.684599] cloud-init[942]: Cloud-init v. 23.1.2-0ubuntu0~18.04.1 running 'init' at Wed, 26 Jun 2024 10:12:51 +0000. Up 33.54 seconds.
[   33.708060] cloud-init[942]: ci-info: ++++++++++++++++++++++++++++++++++++++Net device info+++++++++++++++++++++++++++++++++++++++
[   33.754810] cloud-init[942]: ci-info: +--------+-------+----------------------------+---------------+--------+-------------------+
[   33.778115] cloud-init[942]: ci-info: | Device |   Up  |          Address           |      Mask     | Scope  |     Hw-Address    |
[   33.799795] cloud-init[942]: ci-info: +--------+-------+----------------------------+---------------+--------+-------------------+
[   33.816828] cloud-init[942]: ci-info: | enp0s3 |  True |         10.0.2.15          | 255.255.255.0 | global | 02:3b:7b:b7:3b:2d |
[   33.833680] cloud-init[942]: ci-info: | enp0s3 |  True | fe80::3b:7bff:feb7:3b2d/64 |       .       |  link  | 02:3b:7b:b7:3b:2d |
[   33.850947] cloud-init[942]: ci-info: | enp0s8 | False |             .              |       .       |   .    | 08:00:27:40:fa:4c |
[   33.867192] cloud-init[942]: ci-info: |   lo   |  True |         127.0.0.1          |   255.0.0.0   |  host  |         .         |
[   33.883312] cloud-init[942]: ci-info: |   lo   |  True |          ::1/128           |       .       |  host  |         .         |
[   33.900589] cloud-init[942]: ci-info: +--------+-------+----------------------------+---------------+--------+-------------------+
[   33.918705] cloud-init[942]: ci-info: ++++++++++++++++++++++++++++Route IPv4 info+++++++++++++++++++++++++++++
[   33.932637] cloud-init[942]: ci-info: +-------+-------------+----------+-----------------+-----------+-------+
[   33.946909] cloud-init[942]: ci-info: | Route | Destination | Gateway  |     Genmask     | Interface | Flags |
[   33.961312] cloud-init[942]: ci-info: +-------+-------------+----------+-----------------+-----------+-------+
[   33.977531] cloud-init[942]: ci-info: |   0   |   0.0.0.0   | 10.0.2.2 |     0.0.0.0     |   enp0s3  |   UG  |
[   33.992282] cloud-init[942]: ci-info: |   1   |   10.0.2.0  | 0.0.0.0  |  255.255.255.0  |   enp0s3  |   U   |
[   34.005829] cloud-init[942]: ci-info: |   2   |   10.0.2.2  | 0.0.0.0  | 255.255.255.255 |   enp0s3  |   UH  |
[   34.024076] cloud-init[942]: ci-info: +-------+-------------+----------+-----------------+-----------+-------+
[   34.037898] cloud-init[942]: ci-info: +++++++++++++++++++Route IPv6 info+++++++++++++++++++
[   34.050643] cloud-init[942]: ci-info: +-------+-------------+---------+-----------+-------+
[   34.062265] cloud-init[942]: ci-info: | Route | Destination | Gateway | Interface | Flags |
[   34.074033] cloud-init[942]: ci-info: +-------+-------------+---------+-----------+-------+
[   34.092567] cloud-init[942]: ci-info: |   1   |  fe80::/64  |    ::   |   enp0s3  |   U   |
[   34.109054] cloud-init[942]: ci-info: |   3   |    local    |    ::   |   enp0s3  |   U   |
[   34.122877] cloud-init[942]: ci-info: |   4   |   ff00::/8  |    ::   |   enp0s3  |   U   |
[   34.140990] cloud-init[942]: ci-info: +-------+-------------+---------+-----------+-------+
[   36.373871] cloud-init[942]: Generating public/private rsa key pair.
[   36.382428] cloud-init[942]: Your identification has been saved in /etc/ssh/ssh_host_rsa_key.
[   36.415602] cloud-init[942]: Your public key has been saved in /etc/ssh/ssh_host_rsa_key.pub.
[   36.432204] cloud-init[942]: The key fingerprint is:
[   36.457182] cloud-init[942]: SHA256:Y652cfaT8ELzAcfOO9KWKl2Vr+XV6jPYjmQt4d7qgKM root@ubuntu-bionic
[   36.520870] cloud-init[942]: The key's randomart image is:
[   36.576981] cloud-init[942]: +---[RSA 2048]----+
[   36.600473] cloud-init[942]: |                 |
[   36.611096] cloud-init[942]: |                 |
[   36.619796] cloud-init[942]: |           .   . |
[   36.636063] cloud-init[942]: |          . o o  |
[   36.651462] cloud-init[942]: |        S  =.. ..|
[   36.663376] cloud-init[942]: |       o.o*.=o  =|
[   36.679754] cloud-init[[0;32m  OK  [0m] Started Initial cloud-init job (metadata service crawler).
[[0;32m  OK  [0m] Reached target Cloud-config availability.
[[0;32m  OK  [0m] Reached target Network is Online.
[942]: |        +*.O=B.=.|
[   36.727642] [[0;32m  OK  [0m] Reached target Remote File Systems (Pre).
[[0;32m  OK  [0m] Reached target Remote File Systems.
cloud-init         [942]: |      .oo.+=&+* .|
[   36.777133] cloud-init[942]: |     .E. ..*=*+o |
[   36.788456] Starting Availability of block devices...
[[0;32m  OK  [0m] Reached target System Initialization.
cloud-init[942]: +----[SHA256]-----+
[   36.828585] cloud-init[942]: Generating public/private dsa key pair.
[[   36.833834] cloud-init[942]: Your identification has been saved in /etc/ssh/ssh_host_dsa_key.
[   36.875202] cloud-init[942]: Your public key has been saved in /etc/ssh/ssh_host_dsa_key.pub.
[   36.875229] cloud-init[942]: The key fingerprint is:
[   36.875317] cloud-init[942]: SHA256:BenowQzHi/mJPr0l7IWQxgMBdylvHQ9KCSS0oGly+/U root@ubuntu-bionic
[   36.875359] cloud-init[942]: The key's randomart image is:
[   36.875380] cloud-init[942]: +---[DSA 1024]----+
[   36.875404] cloud-init[942]: |=+=..+  ..       |
[   36.875428] cloud-init[942]: |o+oo= = ..       |
[   36.875447] cloud-init[942]: |+oo+ X B  .      |
[   36.875471] cloud-init[942]: |o. +*.B o.       |
[   36.875490] cloud-init[942]: |  ..*+.oS        |
[   36.875511] cloud-init[942]: |   o.=+o         |
[   36.875531] cloud-init[942]: |   ...+ E        |
[   36.875552] cloud-init[942]: |    o..+         |
[   36.875573] cloud-init[942]: |     .o.         |
[   36.875591] cloud-init[942]: +----[SHA256]-----+
[   36.875610] cloud-init[942]: Generating public/private ecdsa key pair.
[   36.875633] cloud-init[942]: Your identification has been saved in /etc/ssh/ssh_host_ecdsa_key.
[   36.875653] cloud-init[942]: Your public key has been saved in /etc/ssh/ssh_host_ecdsa_key.pub.
[   36.875674] cloud-init[942]: The key fingerprint is:
[   36.875693] cloud-init[942]: SHA256:siy7IRJp+Wf2SJJS6jEwFdoywuXt0ieeA/mxlh8cpYg root@ubuntu-bionic
[   36.875712] cloud-init[942]: The key's randomart image is:
[   36.875794] cloud-init[942]: +---[ECDSA 256]---+
[   36.875828] cloud-init[942]: |  ..             |
[   36.875849] cloud-init[942]: |.oo..            |
[   36.875871] cloud-init[942]: |=.o. .   .       |
[   36.875893] cloud-init[942]: |.=. = . o        |
[   36.875914] cloud-init[942]: |=o E *.+S        |
[   36.875935] cloud-init[942]: |oo+ *.Oo.        |
[   36.875954] cloud-init[942]: |.=.+o&oo         |
[   36.875972] cloud-init[942]: |..+.B+= .        |
[   36.875991] cloud-init[942]: | .  oo o         |
[   36.876011] cloud-init[942]: +----[SHA256]-----+
[   36.876030] cloud-init[942]: Generating public/private ed25519 key pair.
[   36.876051] cloud-init[942]: Your identification has been saved in /etc/ssh/ssh_host_ed25519_key.
[   36.876075] cloud-init[942]: Your public key has been saved in /etc/ssh/ssh_host_ed25519_key.pub.
[   36.876102] cloud-init[942]: The key fingerprint is:
[   36.876122] cloud-init[942]: SHA256:TFtrFlILhCOx79qXRgCqs+k3Z+kKvUC/ARaLsx7P+00 root@ubuntu-bionic
[   36.876143] cloud-init[942]: The key's randomart image is:
[   36.876163] cloud-init[942]: +--[ED25519 256]--+
[   36.876182] cloud-init[942]: |    .. oo .      |
[   36.876202] cloud-init[942]: |    o.o  o .     |
[   36.876224] cloud-init[942]: | . ..o .o +      |
[   36.876295] cloud-init[942]: |. +  ..o + o     |
[   36.876315] cloud-init[942]: |o*    ..S +      |
[   36.876334] cloud-init[942]: |=o+  .  .o       |
[   36.876355] cloud-init[942]: |.B +  oE .       |
[   36.876374] cloud-init[942]: |+ *o+*o +        |
[   36.876869] cloud-init[942]: |.o.BXo.+         |
[   36.876901] cloud-init[942]: +----[SHA256]-----+
[0;32m  OK  [0m] Listening on ACPID Listen Socket.
[[0;32m  OK  [0m] Started Daily Cleanup of Temporary Directories.
[[0;32m  OK  [0m] Started Daily apt download activities.
[[0;32m  OK  [0m] Started Daily apt upgrade and clean activities.
[[0;32m  OK  [0m] Listening on UUID daemon activation socket.
[[0;32m  OK  [0m] Started Message of the Day.
[[0;32m  OK  [0m] Listening on D-Bus System Message Bus Socket.
[[0;32m  OK  [0m] Listening on Open-iSCSI iscsid Socket.
[[0;32m  OK  [0m] Started ACPI Events Check.
[[0;32m  OK  [0m] Reached target Paths.
[[0;32m  OK  [0m] Started Discard unused blocks once a week.
[[0;32m  OK  [0m] Listening on cloud-init hotplug hook socket.
         Starting LXD - unix socket.
         Starting Socket activation for snappy daemon.
[[0;32m  OK  [0m] Started Ubuntu Advantage Timer for running repeated jobs.
[[0;32m  OK  [0m] Reached target Timers.
[[0;32m  OK  [0m] Started Availability of block devices.
[[0;32m  OK  [0m] Listening on LXD - unix socket.
[[0;32m  OK  [0m] Listening on Socket activation for snappy daemon.
[[0;32m  OK  [0m] Reached target Sockets.
[[0;32m  OK  [0m] Reached target Basic System.
         Starting Login Service...
         Starting LSB: Record successful boot for GRUB...
         Starting Virtualbox guest utils...
[[0;32m  OK  [0m] Started D-Bus System Message Bus.
[[0;32m  OK  [0m] Started FUSE filesystem for LXC.
         Starting LSB: automatic crash report generation...
         Starting Pollinate to seed the pseudo random number generator...
[[0;32m  OK  [0m] Reached target Login Prompts (Pre).
         Starting Snap Daemon...
         Starting Dispatcher daemon for systemd-networkd...
[[0;32m  OK  [0m] Started Regular background program processing daemon.
         Starting Permit User Sessions...
[[0;32m  OK  [0m] Started Deferred execution scheduler.
[[0;32m  OK  [0m] Started irqbalance daemon.
         Starting System Logging Service...
         Starting Accounts Service...
         Starting LXD - container startup/shutdown...
[[0;32m  OK  [0m] Started Permit User Sessions.
[[0;32m  OK  [0m] Started Login Service.
[[0;32m  OK  [0m] Started Unattended Upgrades Shutdown.
         Starting Hold until boot process finishes up...
         Starting Terminate Plymouth Boot Screen...
[[0;32m  OK  [0m] Started Hold until boot process finishes up.
[[0;32m  OK  [0m] Started Terminate Plymouth Boot Screen.
         Starting Set console scheme...
[[0;32m  OK  [0m] Started Serial Getty on ttyS0.
[[0;32m  OK  [0m] Started System Logging Service.
[[0;32m  OK  [0m] Started LSB: automatic crash report generation.
[[0;32m  OK  [0m] Started LSB: Record successful boot for GRUB.
[[0;32m  OK  [0m] Started Set console scheme.
[[0;32m  OK  [0m] Created slice system-getty.slice.
[[0;32m  OK  [0m] Started Getty on tty1.
[[0;32m  OK  [0m] Reached target Login Prompts.
         Starting Authorization Manager...
[[0;32m  OK  [0m] Started Virtualbox guest utils.
[[0;32m  OK  [0m] Started Authorization Manager.
[[0;32m  OK  [0m] Started Accounts Service.
[[0;32m  OK  [0m] Started LXD - container startup/shutdown.
[[0;32m  OK  [0m] Started Dispatcher daemon for systemd-networkd.
[[0;32m  OK  [0m] Started Pollinate to seed the pseudo random number generator.
         Starting OpenBSD Secure Shell server...
[[0;32m  OK  [0m] Started OpenBSD Secure Shell server.
[[0;32m  OK  [0m] Started Snap Daemon.
         Starting Wait until snapd is fully seeded...
[[0;32m  OK  [0m] Created slice User Slice of vagrant.
         Starting User Manager for UID 1000...
[[0;32m  OK  [0m] Started Session 1 of user vagrant.
[[0;32m  OK  [0m] Started User Manager for UID 1000.
         Starting Time & Date Service...
[[0;32m  OK  [0m] Started Time & Date Service.

Ubuntu 18.04.6 LTS ubuntu-bionic ttyS0

ubuntu-bionic login: [   48.523136] cloud-init[1655]: Cloud-init v. 23.1.2-0ubuntu0~18.04.1 running 'modules:config' at Wed, 26 Jun 2024 10:13:06 +0000. Up 47.66 seconds.
ci-info: no authorized SSH keys fingerprints found for user ubuntu.
<14>Jun 26 10:13:07 cloud-init: #############################################################
<14>Jun 26 10:13:07 cloud-init: -----BEGIN SSH HOST KEY FINGERPRINTS-----
<14>Jun 26 10:13:07 cloud-init: 1024 SHA256:BenowQzHi/mJPr0l7IWQxgMBdylvHQ9KCSS0oGly+/U root@ubuntu-bionic (DSA)
<14>Jun 26 10:13:07 cloud-init: 256 SHA256:siy7IRJp+Wf2SJJS6jEwFdoywuXt0ieeA/mxlh8cpYg root@ubuntu-bionic (ECDSA)
<14>Jun 26 10:13:07 cloud-init: 256 SHA256:TFtrFlILhCOx79qXRgCqs+k3Z+kKvUC/ARaLsx7P+00 root@ubuntu-bionic (ED25519)
<14>Jun 26 10:13:07 cloud-init: 2048 SHA256:Y652cfaT8ELzAcfOO9KWKl2Vr+XV6jPYjmQt4d7qgKM root@ubuntu-bionic (RSA)
<14>Jun 26 10:13:07 cloud-init: -----END SSH HOST KEY FINGERPRINTS-----
<14>Jun 26 10:13:07 cloud-init: #############################################################
-----BEGIN SSH HOST KEY KEYS-----
ecdsa-sha2-nistp256 AAAAE2VjZHNhLXNoYTItbmlzdHAyNTYAAAAIbmlzdHAyNTYAAABBBNsiJt34oI7oVC1kfjbDcYDAP1h3yFhmjUHWNRvZhIpTsGj8w9JCHlhDUTvIuAq5eDI0gYGSE0c0lXhQQOYkoRA= root@ubuntu-bionic
ssh-ed25519 AAAAC3NzaC1lZDI1NTE5AAAAIPK732rb9DZW3rWVT4Q8ubgo2DL5/S224TvtMqHRCDqD root@ubuntu-bionic
ssh-rsa AAAAB3NzaC1yc2EAAAADAQABAAABAQDIxQQuek2sgs0yNKMejtcVS0iCy9A9MXQv9kPFffTv+pP9Dfl4JhCf5amqWyX29V2nDR9CGo3O6z5YThKGfkoXgNfdR7sfDW+4pesHAGtv4dRG7z35SDWnoTaL59nLLb66StirWgso/TRgNsV7qsdCPnx2HGoF+ViIQIKEYYU8/qBns0n34eIeZg1vy/NLejzEu8Lr+Vp2t1Fsp6yPrvN1J/ekuAFX5rhZ1dCunpM4Ydi4lyzaCLUUQGzD6QyvokECwbG3v6j1njkdgZzWhcVZO0hmL1KaRqgdorxZmoZ9//V5PXrOtOQyvuy6dmPLLJwqh8eXDcvjqKlMvSpJrwZ9 root@ubuntu-bionic
-----END SSH HOST KEY KEYS-----
[   49.552026] cloud-init[1769]: Cloud-init v. 23.1.2-0ubuntu0~18.04.1 running 'modules:final' at Wed, 26 Jun 2024 10:13:07 +0000. Up 48.97 seconds.
[   49.552317] cloud-init[1769]: Cloud-init v. 23.1.2-0ubuntu0~18.04.1 finished at Wed, 26 Jun 2024 10:13:07 +0000. Datasource DataSourceNoCloud [seed=/dev/sdb][dsmode=net].  Up 49.35 seconds
